--- Startup times for process: Primary (or UI client) ---

times in msec
 clock   self+sourced   self:  sourced script
 clock   elapsed:              other lines

000.002  000.002: --- NVIM STARTING ---
000.421  000.419: event init
000.673  000.252: early init
000.833  000.160: locale set
000.943  000.110: init first window
001.951  001.007: inits 1
001.981  000.031: window checked
001.995  000.014: parsing arguments
003.458  000.130  000.130: require('vim._core.shared')
003.669  000.007  000.007: require('string.buffer')
003.709  000.076  000.068: require('vim.inspect')
003.777  000.057  000.057: require('vim._core.options')
003.783  000.310  000.177: require('vim._core.editor')
003.829  000.045  000.045: require('vim._core.system')
003.830  000.572  000.088: require('vim._init_packages')
003.834  001.266: init lua interpreter
006.236  002.402: nvim_ui_attach
006.525  000.289: nvim_set_client_info
006.528  000.003: --- NVIM STARTED ---

--- Startup times for process: Embedded ---

times in msec
 clock   self+sourced   self:  sourced script
 clock   elapsed:              other lines

000.001  000.001: --- NVIM STARTING ---
000.136  000.135: event init
000.235  000.099: early init
000.277  000.042: locale set
000.332  000.054: init first window
000.731  000.399: inits 1
000.755  000.024: window checked
000.757  000.003: parsing arguments
001.314  000.050  000.050: require('vim._core.shared')
001.393  000.005  000.005: require('string.buffer')
001.422  000.051  000.046: require('vim.inspect')
001.477  000.045  000.045: require('vim._core.options')
001.481  000.164  000.068: require('vim._core.editor')
001.539  000.056  000.056: require('vim._core.system')
001.541  000.302  000.032: require('vim._init_packages')
001.543  000.484: init lua interpreter
001.663  000.121: expanding arguments
001.698  000.035: inits 2
002.026  000.328: init highlight
002.032  000.006: waiting for UI
002.265  000.233: done waiting for UI
002.286  000.021: clear screen
002.480  000.015  000.015: require('vim.keymap')
003.275  000.136  000.136: sourcing nvim_exec2()
003.306  000.006  000.006: require('vim._core.log')
010.465  008.175  008.018: require('vim._core.defaults')
010.478  000.018: init default mappings & autocommands
011.088  000.066  000.066: sourcing /usr/share/nvim/runtime/ftplugin.vim
011.168  000.039  000.039: sourcing /usr/share/nvim/runtime/indent.vim
011.338  000.119  000.119: sourcing /usr/share/nvim/archlinux.lua
011.344  000.149  000.029: sourcing /etc/xdg/nvim/sysinit.vim
012.143  000.298  000.298: require('lazy')
012.166  000.012  000.012: require('ffi')
012.208  000.020  000.020: require('vim.fs')
012.314  000.103  000.103: require('vim.uri')
012.332  000.163  000.040: require('vim.loader')
012.450  000.103  000.103: require('lazy.stats')
012.579  000.107  000.107: require('lazy.core.util')
012.695  000.114  000.114: require('lazy.core.config')
012.834  000.053  000.053: require('lazy.core.handler')
013.138  000.075  000.075: require('lazy.pkg')
013.144  000.146  000.071: require('lazy.core.meta')
013.151  000.315  000.169: require('lazy.core.plugin')
013.158  000.461  000.094: require('lazy.core.loader')
013.389  000.101  000.101: require('lazy.core.fragments')
016.009  000.091  000.091: require('lazy.core.handler.event')
016.184  000.166  000.166: require('lazy.core.handler.keys')
016.342  000.154  000.154: require('lazy.core.handler.cmd')
016.396  000.049  000.049: require('lazy.core.handler.ft')
017.962  000.160  000.160: sourcing nvim_exec2() called at /usr/share/nvim/runtime/filetype.lua:0
017.969  000.254  000.094: sourcing /usr/share/nvim/runtime/filetype.lua
017.974  000.307  000.053: sourcing nvim_exec2() called at /home/xrenne/.config/nvim/init.lua:0
018.171  000.005  000.005: sourcing nvim_exec2() called at /home/xrenne/.config/nvim/init.lua:0
018.185  000.002  000.002: sourcing nvim_exec2() called at /home/xrenne/.config/nvim/init.lua:0
019.052  000.050  000.050: require('luarocks-nvim.utils')
019.102  000.192  000.142: require('luarocks-nvim.paths')
019.213  000.051  000.051: require('luarocks-nvim.notify')
019.216  000.112  000.060: require('luarocks-nvim.rocks')
019.420  000.202  000.202: require('luarocks-nvim.build')
019.425  000.981  000.475: require('luarocks-nvim')
022.919  000.347  000.347: require('luarocks.core.dir')
023.329  000.403  000.403: require('luarocks.core.util')
024.244  000.664  000.664: require('dkjson')
024.247  000.915  000.251: require('luarocks.core.persist')
024.876  000.627  000.627: require('luarocks.core.sysdetect')
025.305  000.427  000.427: require('luarocks.core.vers')
025.344  003.573  000.853: require('luarocks.core.cfg')
035.047  000.755  000.755: require('luarocks.core.path')
035.545  000.486  000.486: require('luarocks.core.manif')
035.617  016.098  011.285: require('luarocks.loader')
098.106  000.018  000.018: sourcing nvim_exec2() called at /home/xrenne/.config/nvim/init.lua:0
098.128  000.002  000.002: sourcing nvim_exec2() called at /home/xrenne/.config/nvim/init.lua:0
099.083  000.455  000.455: require('catppuccin')
099.950  000.267  000.267: require('catppuccin.lib.hashing')
102.731  001.925  001.925: sourcing /home/xrenne/.local/share/nvim/lazy/catppuccin/colors/catppuccin.lua
102.748  004.611  001.965: require('options.catppuccin')
102.923  000.015  000.015: sourcing nvim_exec2() called at /home/xrenne/.config/nvim/init.lua:0
102.936  000.002  000.002: sourcing nvim_exec2() called at /home/xrenne/.config/nvim/init.lua:0
103.409  000.455  000.455: require('todo-obsidian')
103.495  000.004  000.004: sourcing nvim_exec2() called at /home/xrenne/.config/nvim/init.lua:0
103.585  000.002  000.002: sourcing nvim_exec2() called at /home/xrenne/.config/nvim/init.lua:0
104.852  000.181  000.181: require('nvim-autopairs._log')
105.026  000.167  000.167: require('nvim-autopairs.utils')
105.041  000.595  000.247: require('nvim-autopairs.conds')
105.047  000.812  000.217: require('nvim-autopairs.rule')
105.051  001.029  000.217: require('nvim-autopairs.rules.basic')
105.062  001.471  000.443: require('nvim-autopairs')
105.603  000.012  000.012: sourcing nvim_exec2() called at /home/xrenne/.config/nvim/init.lua:0
105.615  000.002  000.002: sourcing nvim_exec2() called at /home/xrenne/.config/nvim/init.lua:0
106.384  000.613  000.613: require('mini.statusline')
106.787  000.320  000.320: require('mini.move')
107.557  000.634  000.634: require('mini.diff')
107.968  000.100  000.100: require('vim.F')
108.468  000.477  000.477: require('mini.git')
108.697  003.077  000.933: require('options.mini')
109.104  000.009  000.009: sourcing nvim_exec2() called at /home/xrenne/.config/nvim/init.lua:0
109.120  000.002  000.002: sourcing nvim_exec2() called at /home/xrenne/.config/nvim/init.lua:0
109.749  000.604  000.604: require('mini.icons')
109.796  000.003  000.003: sourcing nvim_exec2() called at /home/xrenne/.config/nvim/init.lua:0
109.801  000.001  000.001: sourcing nvim_exec2() called at /home/xrenne/.config/nvim/init.lua:0
110.067  000.252  000.252: require('oil')
110.142  000.073  000.073: require('oil.ringbuf')
110.230  000.086  000.086: require('oil.config')
111.829  001.455  001.455: require('vim.filetype')
112.659  000.136  000.136: require('oil.log')
112.672  000.339  000.203: require('oil.fs')
112.990  000.140  000.140: require('oil.constants')
113.037  000.364  000.224: require('oil.util')
113.202  000.010  000.010: sourcing nvim_exec2() called at /home/xrenne/.config/nvim/init.lua:0
113.209  000.001  000.001: sourcing nvim_exec2() called at /home/xrenne/.config/nvim/init.lua:0
114.431  000.702  000.702: require('vim.lsp.protocol')
114.460  000.916  000.214: require('vim.lsp.log')
114.759  000.294  000.294: require('vim.lsp.util')
115.304  000.209  000.209: require('vim.lsp.sync')
115.320  000.558  000.350: require('vim.lsp._changetracking')
115.712  000.169  000.169: require('vim.lsp._transport')
115.758  000.045  000.045: require('vim._core.stringbuffer')
115.766  000.444  000.230: require('vim.lsp.rpc')
115.830  002.518  000.305: require('vim.lsp')
116.045  000.212  000.212: require('blink.cmp')
116.190  000.067  000.067: require('blink.cmp.lib.async')
116.327  000.056  000.056: require('blink.cmp.config.utils')
116.392  000.063  000.063: require('blink.cmp.config.keymap')
116.712  000.057  000.057: require('blink.cmp.config.completion.keyword')
116.773  000.060  000.060: require('blink.cmp.config.completion.trigger')
116.832  000.059  000.059: require('blink.cmp.config.completion.list')
116.890  000.056  000.056: require('blink.cmp.config.completion.accept')
116.956  000.066  000.066: require('blink.cmp.config.completion.menu')
117.013  000.056  000.056: require('blink.cmp.config.completion.documentation')
117.066  000.051  000.051: require('blink.cmp.config.completion.ghost_text')
117.067  000.674  000.269: require('blink.cmp.config.completion')
117.127  000.059  000.059: require('blink.cmp.config.fuzzy')
117.185  000.057  000.057: require('blink.cmp.config.sources')
117.240  000.054  000.054: require('blink.cmp.config.signature')
117.298  000.058  000.058: require('blink.cmp.config.snippets')
117.358  000.059  000.059: require('blink.cmp.config.appearance')
117.448  000.056  000.056: require('blink.cmp.config.modes.cmdline')
117.502  000.054  000.054: require('blink.cmp.config.modes.term')
117.512  001.321  000.130: require('blink.cmp.config')
117.580  000.067  000.067: require('blink.cmp.lib.utils')
117.635  000.053  000.053: require('blink.cmp.lib.event_emitter')
117.639  001.593  000.084: require('blink.cmp.sources.lib')
117.655  004.411  000.089: sourcing /home/xrenne/.local/share/nvim/lazy/blink.cmp/plugin/blink-cmp.lua
117.659  004.432  000.021: sourcing nvim_exec2() called at /home/xrenne/.config/nvim/init.lua:0
117.669  000.004  000.004: sourcing nvim_exec2() called at /home/xrenne/.config/nvim/init.lua:0
117.674  000.001  000.001: sourcing nvim_exec2() called at /home/xrenne/.config/nvim/init.lua:0
117.752  000.059  000.059: require('blink-cmp')
118.403  000.074  000.074: require('blink.cmp.config.modes.types')
118.935  000.060  000.060: require('blink.cmp.fuzzy.download.system')
118.982  000.169  000.110: require('blink.cmp.fuzzy.download.files')
118.984  000.232  000.062: require('blink.cmp.fuzzy.download.git')
118.986  000.466  000.235: require('blink.cmp.fuzzy.download')
121.430  000.083  000.083: require('vim.treesitter.language')
121.530  000.093  000.093: require('vim.func')
121.596  000.064  000.064: require('vim.treesitter._range')
121.663  000.064  000.064: require('vim.func._memoize')
121.688  000.444  000.140: require('vim.treesitter.query')
121.701  000.575  000.131: require('vim.treesitter.languagetree')
121.705  000.709  000.134: require('vim.treesitter')
121.775  000.839  000.130: sourcing /home/xrenne/.local/share/nvim/lazy/nvim-treesitter/plugin/filetypes.lua
121.779  000.860  000.022: sourcing nvim_exec2() called at /home/xrenne/.config/nvim/init.lua:0
121.859  000.042  000.042: sourcing /home/xrenne/.local/share/nvim/lazy/nvim-treesitter/plugin/nvim-treesitter.lua
121.861  000.057  000.014: sourcing nvim_exec2() called at /home/xrenne/.config/nvim/init.lua:0
121.900  000.018  000.018: sourcing /home/xrenne/.local/share/nvim/lazy/nvim-treesitter/plugin/query_predicates.lua
121.901  000.028  000.009: sourcing nvim_exec2() called at /home/xrenne/.config/nvim/init.lua:0
121.906  000.002  000.002: sourcing nvim_exec2() called at /home/xrenne/.config/nvim/init.lua:0
121.912  000.001  000.001: sourcing nvim_exec2() called at /home/xrenne/.config/nvim/init.lua:0
121.997  000.082  000.082: require('options.nvim-treesitter')
122.171  000.173  000.173: require('nvim-treesitter.config')
122.430  000.058  000.058: require('nvim-ts-autotag._log')
122.515  000.084  000.084: require('nvim-ts-autotag.config.init')
122.729  000.073  000.073: require('nvim-ts-autotag.utils')
122.731  000.132  000.059: require('nvim-ts-autotag.config.ft')
122.734  000.218  000.086: require('nvim-ts-autotag.config.plugin')
122.739  000.455  000.095: require('nvim-ts-autotag.internal')
122.740  000.534  000.079: require('nvim-ts-autotag')
123.424  000.075  000.075: require('nvim-treesitter')
123.426  000.099  000.024: sourcing /home/xrenne/.local/share/nvim/lazy/nvim-ts-autotag/plugin/nvim-ts-autotag.lua
123.428  000.114  000.014: sourcing nvim_exec2() called at /home/xrenne/.config/nvim/init.lua:0
123.433  000.002  000.002: sourcing nvim_exec2() called at /home/xrenne/.config/nvim/init.lua:0
123.438  000.001  000.001: sourcing nvim_exec2() called at /home/xrenne/.config/nvim/init.lua:0
123.554  000.022  000.022: sourcing /home/xrenne/.local/share/nvim/lazy/conform.nvim/plugin/conform.lua
123.556  000.034  000.011: sourcing nvim_exec2() called at /home/xrenne/.config/nvim/init.lua:0
123.559  000.001  000.001: sourcing nvim_exec2() called at /home/xrenne/.config/nvim/init.lua:0
123.563  000.001  000.001: sourcing nvim_exec2() called at /home/xrenne/.config/nvim/init.lua:0
123.822  000.184  000.184: require('conform')
123.834  000.265  000.081: require('options.conform')
124.000  000.022  000.022: sourcing /home/xrenne/.local/share/nvim/lazy/plenary.nvim/plugin/plenary.vim
124.003  000.035  000.012: sourcing nvim_exec2() called at /home/xrenne/.config/nvim/init.lua:0
124.006  000.001  000.001: sourcing nvim_exec2() called at /home/xrenne/.config/nvim/init.lua:0
124.012  000.001  000.001: sourcing nvim_exec2() called at /home/xrenne/.config/nvim/init.lua:0
124.158  000.124  000.124: sourcing /home/xrenne/.local/share/nvim/lazy/telescope.nvim/plugin/telescope.lua
124.160  000.133  000.009: sourcing nvim_exec2() called at /home/xrenne/.config/nvim/init.lua:0
124.163  000.001  000.001: sourcing nvim_exec2() called at /home/xrenne/.config/nvim/init.lua:0
124.167  000.001  000.001: sourcing nvim_exec2() called at /home/xrenne/.config/nvim/init.lua:0
124.447  000.073  000.073: require('telescope._extensions')
124.449  000.210  000.138: require('telescope')
124.816  000.068  000.068: require('plenary.bit')
124.876  000.058  000.058: require('plenary.functional')
124.899  000.254  000.127: require('plenary.path')
124.910  000.327  000.074: require('plenary.strings')
124.970  000.059  000.059: require('telescope.deprecated')
125.224  000.116  000.116: require('plenary.log')
125.236  000.182  000.066: require('telescope.log')
125.495  000.069  000.069: require('plenary.compat')
125.500  000.168  000.099: require('plenary.job')
125.572  000.070  000.070: require('telescope.state')
125.581  000.345  000.106: require('telescope.utils')
125.586  000.616  000.089: require('telescope.sorters')
126.718  002.266  001.264: require('telescope.config')
127.713  000.007  000.007: sourcing nvim_exec2() called at /home/xrenne/.config/nvim/init.lua:0
127.723  000.001  000.001: sourcing nvim_exec2() called at /home/xrenne/.config/nvim/init.lua:0
128.717  000.123  000.123: require('plenary.window.border')
128.787  000.068  000.068: require('plenary.window')
128.875  000.087  000.087: require('plenary.popup.utils')
128.881  000.552  000.275: require('plenary.popup')
128.975  000.093  000.093: require('telescope.pickers.scroller')
129.048  000.073  000.073: require('telescope.actions.state')
129.156  000.107  000.107: require('telescope.actions.utils')
129.384  000.128  000.128: require('telescope.actions.mt')
129.398  000.241  000.113: require('telescope.actions.set')
129.627  000.104  000.104: require('telescope.config.resolve')
129.630  000.231  000.127: require('telescope.pickers.entry_display')
129.709  000.078  000.078: require('telescope.from_entry')
129.973  001.867  000.493: require('telescope.actions')
130.261  000.193  000.193: require('telescope.make_entry')
130.762  000.063  000.063: require('plenary.tbl')
130.765  000.130  000.066: require('plenary.vararg.rotate')
130.766  000.195  000.066: require('plenary.vararg')
130.834  000.067  000.067: require('plenary.errors')
130.836  000.362  000.100: require('plenary.async.async')
131.141  000.082  000.082: require('plenary.async.structs')
131.150  000.173  000.092: require('plenary.async.control')
131.155  000.250  000.077: require('plenary.async.util')
131.156  000.319  000.069: require('plenary.async.tests')
131.158  000.761  000.080: require('plenary.async')
131.159  000.896  000.135: require('telescope.finders.async_static_finder')
131.578  000.262  000.262: require('plenary.class')
131.601  000.369  000.107: require('telescope._')
131.603  000.443  000.074: require('telescope.finders.async_oneshot_finder')
131.757  000.154  000.154: require('telescope.finders.async_job_finder')
131.775  001.801  000.115: require('telescope.finders')
132.803  000.732  000.732: require('telescope.debounce')
133.047  000.242  000.242: require('telescope.mappings')
133.135  000.086  000.086: require('telescope.pickers.highlights')
133.197  000.061  000.061: require('telescope.pickers.window')
133.331  000.063  000.063: require('telescope.algos.linked_list')
133.333  000.135  000.072: require('telescope.entry_manager')
133.391  000.057  000.057: require('telescope.pickers.multi')
133.402  001.625  000.312: require('telescope.pickers')
133.530  000.068  000.068: require('telescope.previewers.previewer')
133.720  000.056  000.056: require('plenary.context_manager')
134.145  000.289  000.289: require('nvim-treesitter.parsers')
134.148  000.548  000.203: require('telescope.previewers.utils')
134.194  000.664  000.115: require('telescope.previewers.term_previewer')
134.881  000.560  000.560: require('plenary.filetype')
135.862  000.980  000.980: require('plenary.scandir')
135.940  001.745  000.204: require('telescope.previewers.buffer_previewer')
135.949  002.546  000.070: require('telescope.previewers')
136.164  000.211  000.211: require('telescope._extensions.repo.autocmd_lcd')
136.311  000.144  000.144: require('telescope._extensions.repo.utils')
136.443  000.130  000.130: require('telescope._extensions.repo.list')
136.580  000.134  000.134: require('telescope._extensions.repo.cached_list')
136.698  000.115  000.115: require('telescope._extensions.repo.config')
136.703  008.918  000.344: require('telescope._extensions.repo.main')
136.706  009.256  000.330: require('telescope._extensions.repo')
136.711  012.541  000.808: require('options.telescope')
137.657  000.124  000.124: require('diffview.lazy')
138.090  000.122  000.122: require('diffview.ffi')
138.226  000.134  000.134: require('diffview.oop')
138.243  000.422  000.167: require('diffview.async')
138.480  000.201  000.201: require('diffview.utils')
138.707  000.120  000.120: require('diffview.mock')
138.721  001.044  000.301: require('diffview.logger')
138.870  000.136  000.136: require('diffview.control')
139.016  000.133  000.133: require('diffview.events')
139.023  001.800  000.363: require('diffview.bootstrap')
139.041  001.901  000.100: sourcing /home/xrenne/.local/share/nvim/lazy/diffview.nvim/plugin/diffview.lua
139.048  001.934  000.033: sourcing nvim_exec2() called at /home/xrenne/.config/nvim/init.lua:0
139.060  000.005  000.005: sourcing nvim_exec2() called at /home/xrenne/.config/nvim/init.lua:0
139.072  000.002  000.002: sourcing nvim_exec2() called at /home/xrenne/.config/nvim/init.lua:0
139.305  000.096  000.096: sourcing /home/xrenne/.local/share/nvim/lazy/fzf-lua/plugin/fzf-lua.lua
139.311  000.121  000.026: sourcing nvim_exec2() called at /home/xrenne/.config/nvim/init.lua:0
139.320  000.003  000.003: sourcing nvim_exec2() called at /home/xrenne/.config/nvim/init.lua:0
139.330  000.001  000.001: sourcing nvim_exec2() called at /home/xrenne/.config/nvim/init.lua:0
139.542  000.003  000.003: sourcing nvim_exec2() called at /home/xrenne/.config/nvim/init.lua:0
139.557  000.002  000.002: sourcing nvim_exec2() called at /home/xrenne/.config/nvim/init.lua:0
139.680  000.082  000.082: sourcing /home/xrenne/.local/share/nvim/lazy/neogit/plugin/neogit.lua
139.685  000.105  000.023: sourcing nvim_exec2() called at /home/xrenne/.config/nvim/init.lua:0
139.692  000.003  000.003: sourcing nvim_exec2() called at /home/xrenne/.config/nvim/init.lua:0
139.720  000.003  000.003: sourcing nvim_exec2() called at /home/xrenne/.config/nvim/init.lua:0
139.971  000.128  000.128: require('neogit')
140.284  000.127  000.127: require('neogit.lib.util')
140.307  000.331  000.204: require('neogit.config')
140.410  000.101  000.101: require('neogit.lib.signs')
140.524  000.111  000.111: require('neogit.autocmds')
140.804  000.119  000.119: require('neogit.lib.color')
140.808  000.281  000.163: require('neogit.lib.hl')
141.084  000.172  000.172: require('neogit.logger')
141.089  000.281  000.109: require('neogit.lib.state')
142.160  000.107  000.107: require('neogit.lib.ui.component')
142.275  000.110  000.110: require('neogit.lib.ui.renderer')
142.377  000.100  000.100: require('neogit.lib.collection')
142.385  000.488  000.172: require('neogit.lib.ui')
142.603  000.084  000.084: require('vim.text')
142.609  000.223  000.139: require('neogit.lib.diff_highlights')
142.620  001.384  000.673: require('neogit.lib.buffer')
143.035  000.107  000.107: require('neogit.lib.git')
143.044  000.249  000.143: require('neogit.buffers.common')
143.150  000.104  000.104: require('neogit.lib.event')
143.164  000.542  000.189: require('neogit.buffers.status.ui')
143.275  000.109  000.109: require('neogit.popups')
143.392  000.114  000.114: require('neogit.watcher')
143.401  002.307  000.157: require('neogit.buffers.status')
143.902  000.119  000.119: require('neogit.lib.notification')
143.912  000.262  000.143: require('neogit.lib.popup.builder')
144.182  000.134  000.134: require('vim.ui')
144.187  000.272  000.138: require('neogit.lib.input')
144.446  000.148  000.148: require('neogit.lib.finder')
144.449  000.260  000.112: require('neogit.buffers.fuzzy_finder')
144.591  000.140  000.140: require('neogit.lib.popup.ui')
144.598  001.088  000.153: require('neogit.lib.popup')
144.600  001.196  000.109: require('neogit.lib')
145.095  000.119  000.119: require('neogit.buffers.process')
145.228  000.130  000.130: require('neogit.spinner')
145.250  000.440  000.192: require('neogit.process')
145.371  000.118  000.118: require('neogit.runner')
145.415  000.813  000.255: require('neogit.lib.git.cli')
146.897  007.172  001.621: require('options.neogit')
147.332  000.222  000.222: require('nvim-tree.commands')
147.409  000.332  000.110: sourcing /home/xrenne/.local/share/nvim/lazy/nvim-tree.lua/plugin/nvim-tree.lua
147.413  000.355  000.023: sourcing nvim_exec2() called at /home/xrenne/.config/nvim/init.lua:0
147.428  000.004  000.004: sourcing nvim_exec2() called at /home/xrenne/.config/nvim/init.lua:0
147.434  000.001  000.001: sourcing nvim_exec2() called at /home/xrenne/.config/nvim/init.lua:0
147.633  000.100  000.100: require('nvim-tree')
147.800  000.074  000.074: require('nvim-tree._meta.api.appearance')
147.868  000.067  000.067: require('nvim-tree._meta.api.commands')
147.944  000.075  000.075: require('nvim-tree._meta.api.config')
148.015  000.070  000.070: require('nvim-tree._meta.api.events')
148.091  000.075  000.075: require('nvim-tree._meta.api.filter')
148.175  000.083  000.083: require('nvim-tree._meta.api.fs')
148.244  000.068  000.068: require('nvim-tree._meta.api.git')
148.310  000.066  000.066: require('nvim-tree._meta.api.map')
148.380  000.069  000.069: require('nvim-tree._meta.api.marks')
148.470  000.088  000.088: require('nvim-tree._meta.api.node')
148.559  000.089  000.089: require('nvim-tree._meta.api.tree')
148.700  000.066  000.066: require('nvim-tree.classic')
148.704  000.143  000.077: require('nvim-tree._meta.api.decorator')
148.779  000.074  000.074: require('nvim-tree._meta.api.deprecated')
148.904  000.124  000.124: require('nvim-tree.api.impl')
149.070  000.089  000.089: require('nvim-tree.renderer.decorator')
149.158  000.087  000.087: require('nvim-tree.legacy')
149.160  001.526  000.184: require('nvim-tree.api')
149.301  000.139  000.139: require('nvim-tree.appearance')
150.019  000.429  000.429: require('vim.diagnostic')
150.047  000.662  000.233: require('nvim-tree.config')
150.049  000.747  000.085: require('nvim-tree.autocmd')
150.158  000.108  000.108: require('nvim-tree.log')
150.257  000.097  000.097: require('nvim-tree.view-state')
150.831  003.391  000.675: require('options.nvim-tree')
150.991  000.099  000.099: sourcing nvim_exec2() called at /home/xrenne/.config/nvim/init.lua:0
151.002  000.001  000.001: sourcing nvim_exec2() called at /home/xrenne/.config/nvim/init.lua:0
151.723  000.119  000.119: require('image/utils/magic')
151.729  000.244  000.126: require('image/utils/dimensions')
151.821  000.091  000.091: require('image/utils/hash')
151.968  000.145  000.145: require('image/utils/logger')
152.064  000.095  000.095: require('image/utils/math')
152.165  000.100  000.100: require('image/utils/offsets')
152.264  000.097  000.097: require('image/utils/random')
152.388  000.123  000.123: require('image/utils/term')
152.509  000.120  000.120: require('image/utils/tmux')
152.637  000.126  000.126: require('image/utils/window')
152.726  000.088  000.088: require('image/utils/json')
152.729  001.377  000.148: require('image/utils')
152.970  000.154  000.154: require('image/processors/magick_cli')
152.975  000.244  000.090: require('image/processors')
153.110  000.132  000.132: require('image/report')
153.231  002.204  000.452: require('image')
153.586  000.168  000.168: require('image/backends/kitty/codes')
153.757  000.169  000.169: require('image/backends/kitty/helpers')
156.722  003.444  003.107: require('image/backends/kitty')
157.245  000.261  000.261: require('image/utils/document')
157.282  000.546  000.284: require('image/integrations/typst')
157.501  000.205  000.205: require('image/integrations/asciidoc')
157.736  000.211  000.211: require('image/integrations/neorg')
157.945  000.196  000.196: require('image/integrations/markdown')
158.147  000.189  000.189: require('image/integrations/syslang')
158.565  000.010  000.010: sourcing nvim_exec2() called at /home/xrenne/.config/nvim/init.lua:0
158.585  000.002  000.002: sourcing nvim_exec2() called at /home/xrenne/.config/nvim/init.lua:0
160.347  000.723  000.723: require('focus.modules.commands')
161.245  000.456  000.456: require('focus.modules.utils')
161.251  000.896  000.439: require('focus.modules.autocmd')
161.654  000.401  000.401: require('focus.modules.split')
162.008  000.348  000.348: require('focus.modules.functions')
162.517  000.504  000.504: require('focus.modules.resizer')
162.578  003.966  001.095: require('focus')
163.376  000.014  000.014: sourcing nvim_exec2() called at /home/xrenne/.config/nvim/init.lua:0
163.417  000.004  000.004: sourcing nvim_exec2() called at /home/xrenne/.config/nvim/init.lua:0
165.392  000.514  000.514: require('mason-core.path')
167.092  000.368  000.368: require('mason-core.functional.data')
167.478  000.376  000.376: require('mason-core.functional.function')
168.216  000.636  000.636: require('mason-core.functional.list')
168.549  000.234  000.234: require('mason-core.functional.relation')
168.761  000.200  000.200: require('mason-core.functional.logic')
168.990  000.221  000.221: require('mason-core.functional.number')
169.232  000.227  000.227: require('mason-core.functional.string')
169.470  000.227  000.227: require('mason-core.functional.table')
169.698  000.217  000.217: require('mason-core.functional.type')
169.705  003.690  000.985: require('mason-core.functional')
169.785  004.386  000.695: require('mason-core.platform')
170.042  000.252  000.252: require('mason.settings')
170.053  005.628  000.476: require('mason-core.installer.InstallLocation')
170.737  000.296  000.296: require('mason-core.log')
170.744  000.500  000.204: require('mason-core.EventEmitter')
170.912  000.165  000.165: require('mason-registry.sources')
170.919  000.863  000.197: require('mason-registry')
170.922  007.331  000.840: require('mason')
171.206  000.205  000.205: require('mason.api.command')
171.337  000.013  000.013: sourcing nvim_exec2() called at /home/xrenne/.config/nvim/init.lua:0
171.351  000.002  000.002: sourcing nvim_exec2() called at /home/xrenne/.config/nvim/init.lua:0
171.502  000.144  000.144: require('gitroot')
172.577  000.133  000.133: require('gitblame.utils')
172.588  000.268  000.135: require('gitblame.git')
172.766  000.077  000.077: require('lua-timeago/languages/en')
172.769  000.178  000.101: require('lua-timeago')
172.782  000.774  000.328: require('gitblame')
172.859  000.075  000.075: require('gitblame.config')
173.032  001.064  000.215: sourcing /home/xrenne/.local/share/nvim/lazy/git-blame.nvim/plugin/gitblame.lua
173.042  001.099  000.035: sourcing nvim_exec2() called at /home/xrenne/.config/nvim/init.lua:0
173.054  000.004  000.004: sourcing nvim_exec2() called at /home/xrenne/.config/nvim/init.lua:0
173.064  000.001  000.001: sourcing nvim_exec2() called at /home/xrenne/.config/nvim/init.lua:0
173.279  000.034  000.034: sourcing /usr/share/nvim/runtime/plugin/editorconfig.lua
173.282  000.051  000.017: sourcing nvim_exec2() called at /home/xrenne/.config/nvim/init.lua:0
173.467  000.171  000.171: sourcing /usr/share/nvim/runtime/plugin/gzip.vim
173.469  000.183  000.012: sourcing nvim_exec2() called at /home/xrenne/.config/nvim/init.lua:0
173.531  000.047  000.047: sourcing /usr/share/nvim/runtime/plugin/man.lua
173.534  000.059  000.012: sourcing nvim_exec2() called at /home/xrenne/.config/nvim/init.lua:0
175.937  000.239  000.239: sourcing /usr/share/nvim/runtime/pack/dist/opt/matchit/plugin/matchit.vim
175.979  002.431  002.193: sourcing /usr/share/nvim/runtime/plugin/matchit.vim
175.987  002.450  000.018: sourcing nvim_exec2() called at /home/xrenne/.config/nvim/init.lua:0
176.194  000.160  000.160: sourcing /usr/share/nvim/runtime/plugin/matchparen.vim
176.198  000.177  000.017: sourcing nvim_exec2() called at /home/xrenne/.config/nvim/init.lua:0
176.529  000.292  000.292: sourcing /usr/share/nvim/runtime/plugin/net.lua
176.535  000.323  000.031: sourcing nvim_exec2() called at /home/xrenne/.config/nvim/init.lua:0
176.587  000.017  000.017: sourcing /usr/share/nvim/runtime/plugin/netrwPlugin.vim
176.593  000.041  000.024: sourcing nvim_exec2() called at /home/xrenne/.config/nvim/init.lua:0
176.722  000.104  000.104: sourcing /usr/share/nvim/runtime/plugin/osc52.lua
176.724  000.122  000.019: sourcing nvim_exec2() called at /home/xrenne/.config/nvim/init.lua:0
176.957  000.212  000.212: sourcing /usr/share/nvim/runtime/plugin/rplugin.vim
176.961  000.229  000.017: sourcing nvim_exec2() called at /home/xrenne/.config/nvim/init.lua:0
177.153  000.161  000.161: sourcing /usr/share/nvim/runtime/plugin/shada.lua
177.157  000.185  000.024: sourcing nvim_exec2() called at /home/xrenne/.config/nvim/init.lua:0
177.267  000.075  000.075: sourcing /usr/share/nvim/runtime/plugin/spellfile.lua
177.271  000.108  000.032: sourcing nvim_exec2() called at /home/xrenne/.config/nvim/init.lua:0
177.493  000.171  000.171: sourcing /usr/share/nvim/runtime/plugin/tarPlugin.vim
177.498  000.217  000.046: sourcing nvim_exec2() called at /home/xrenne/.config/nvim/init.lua:0
177.590  000.034  000.034: sourcing /usr/share/nvim/runtime/plugin/tutor.vim
177.594  000.069  000.035: sourcing nvim_exec2() called at /home/xrenne/.config/nvim/init.lua:0
177.849  000.222  000.222: sourcing /usr/share/nvim/runtime/plugin/zipPlugin.vim
177.853  000.251  000.029: sourcing nvim_exec2() called at /home/xrenne/.config/nvim/init.lua:0
178.413  166.912  077.471: require('config.lazy')
179.219  000.242  000.242: require('telescope.builtin')
180.125  000.009  000.009: sourcing nvim_exec2() called at /home/xrenne/.config/nvim/init.lua:0
180.138  000.001  000.001: sourcing nvim_exec2() called at /home/xrenne/.config/nvim/init.lua:0
180.155  000.001  000.001: sourcing nvim_exec2() called at /home/xrenne/.config/nvim/init.lua:0
180.161  000.001  000.001: sourcing nvim_exec2() called at /home/xrenne/.config/nvim/init.lua:0
181.041  000.301  000.301: require('ufo.utils')
181.057  000.888  000.587: require('ufo')
181.582  000.155  000.155: require('ufo.lib.disposable')
181.742  000.158  000.158: require('ufo.lib.log')
181.744  000.453  000.141: require('ufo.lib.event')
182.100  000.095  000.095: require('promise-async.utils')
182.210  000.108  000.108: require('promise-async.error')
182.320  000.106  000.106: require('promise-async.loop')
182.328  000.463  000.155: require('promise')
182.331  000.585  000.122: require('ufo.provider')
182.591  000.134  000.134: require('ufo.config')
182.810  000.101  000.101: require('promise-async.compat')
182.813  000.220  000.119: require('async')
183.126  000.111  000.111: require('ufo.model.buffer')
183.211  000.084  000.084: require('ufo.model.foldedline')
183.398  000.083  000.083: require('ufo.highlight')
183.479  000.080  000.080: require('ufo.render.extmark')
183.693  000.126  000.126: require('vim.treesitter.highlighter')
183.695  000.215  000.089: require('ufo.render.treesitter')
183.777  000.080  000.080: require('ufo.render.match')
183.780  000.568  000.110: require('ufo.render')
183.786  000.864  000.101: require('ufo.model.foldbuffer')
183.875  000.088  000.088: require('ufo.bufmanager')
184.095  000.127  000.127: require('ufo.wffi')
184.098  000.221  000.095: require('ufo.fold.driver')
184.103  001.288  000.114: require('ufo.fold.manager')
184.221  000.112  000.112: require('ufo.lib.debounce')
184.229  001.897  000.143: require('ufo.fold')
184.489  000.122  000.122: require('ufo.model.window')
184.498  000.267  000.145: require('ufo.decorator')
184.723  000.094  000.094: require('ufo.preview.floatwin')
184.798  000.074  000.074: require('ufo.preview.scrollbar')
184.866  000.067  000.067: require('ufo.preview.winbar')
184.963  000.075  000.075: require('ufo.preview.keymap')
184.967  000.467  000.158: require('ufo.preview')
184.972  003.910  000.241: require('ufo.main')
185.000  000.023  000.023: sourcing nvim_exec2() called at /home/xrenne/.config/nvim/init.lua:0
185.055  000.007  000.007: sourcing nvim_exec2() called at /home/xrenne/.config/nvim/init.lua:0
185.061  000.002  000.002: sourcing nvim_exec2() called at /home/xrenne/.config/nvim/init.lua:0
185.072  000.009  000.009: sourcing nvim_exec2() called at /home/xrenne/.config/nvim/init.lua:0
185.145  005.896  001.043: require('ufo')
185.206  006.788  000.650: require('config.keymaps')
185.563  000.356  000.356: require('config.options')
185.566  174.196  000.141: sourcing /home/xrenne/.config/nvim/init.lua
185.572  000.644: sourcing vimrc file(s)
185.809  000.028  000.028: sourcing /usr/share/nvim/runtime/filetype.lua
185.958  000.049  000.049: sourcing /usr/share/nvim/runtime/syntax/synload.vim
186.120  000.287  000.238: sourcing /usr/share/nvim/runtime/syntax/syntax.vim
186.129  000.241: inits 3
187.346  001.217: reading ShaDa
187.634  000.003  000.003: sourcing nvim_exec2() called at BufWinEnter Autocommands for "*":0
187.640  000.001  000.001: sourcing nvim_exec2() called at BufWinEnter Autocommands for "*":0
187.647  000.001  000.001: sourcing nvim_exec2() called at BufWinEnter Autocommands for "*":0
187.651  000.000  000.000: sourcing nvim_exec2() called at BufWinEnter Autocommands for "*":0
188.041  000.091  000.091: require('startup.log')
188.113  000.068  000.068: require('startup.themes.dashboard')
188.207  000.092  000.092: require('startup.utils')
188.212  000.466  000.215: require('startup')
188.273  000.060  000.060: require('startup.themes.empty')
188.284  000.006  000.006: sourcing nvim_exec2() called at BufWinEnter Autocommands for "*":0
188.293  000.006  000.006: sourcing nvim_exec2() called at BufWinEnter Autocommands for "*":0
188.298  000.004  000.004: sourcing nvim_exec2() called at BufWinEnter Autocommands for "*":0
188.303  000.647  000.105: require('options.startup')
188.458  000.012  000.012: sourcing nvim_exec2() called at BufWinEnter Autocommands for "*":0
188.549  000.540: opening buffers
188.628  000.079: BufEnter autocommands
188.629  000.001: editing files in windows
188.688  000.003  000.003: sourcing nvim_exec2() called at VimEnter Autocommands for "*":0
190.338  000.005  000.005: sourcing nvim_exec2() called at VimEnter Autocommands for "*":0
190.353  000.003  000.003: sourcing nvim_exec2() called at VimEnter Autocommands for "*":0
190.696  000.085  000.085: require('startup.quotes')
190.698  000.176  000.091: require('startup.functions')
190.735  000.003  000.003: sourcing nvim_exec2() called at VimEnter Autocommands for "*":0
190.897  000.086  000.086: require('vim.health')
190.900  000.159  000.073: require('vim.deprecated.health')
191.040  000.095  000.095: require('vim.iter')
191.276  000.004  000.004: sourcing nvim_exec2() called at VimEnter Autocommands for "*":0
191.442  000.004  000.004: sourcing nvim_exec2() called at VimEnter Autocommands for "*":0
191.797  000.157  000.157: sourcing nvim_exec2() called at VimEnter Autocommands for "*":0
191.875  000.004  000.004: sourcing nvim_exec2() called at VimEnter Autocommands for "*":0
191.882  000.006  000.006: sourcing nvim_exec2() called at VimEnter Autocommands for "*":0
191.891  002.644: VimEnter autocommands
191.935  000.044: UIEnter autocommands
192.189  000.183  000.183: sourcing /usr/share/nvim/runtime/autoload/provider/clipboard.vim
192.193  000.075: before starting main loop
192.909  000.715: first screen update
192.912  000.003: --- NVIM STARTED ---

